<?xml version="1.0" encoding="UTF-8"?>
<!-- Generated by org.testng.reporters.JUnitReportReporter -->
<testsuite hostname="SWARAJ" failures="0" tests="11" name="com.TestLayer.ContactPageTest" time="3.566" errors="0" timestamp="2023-04-18T20:56:24 IST" skipped="0">
  <testcase classname="com.TestLayer.ContactPageTest" name="testContactPage" time="0.077"/>
  <system-out/>
  <testcase classname="com.TestLayer.ContactPageTest" name="verifyCompanyName" time="0.624"/>
  <system-out/>
  <testcase classname="com.TestLayer.ContactPageTest" name="verifyFirstName" time="0.417"/>
  <system-out/>
  <testcase classname="com.TestLayer.ContactPageTest" name="verifyLastName" time="0.333"/>
  <system-out/>
  <testcase classname="com.TestLayer.ContactPageTest" name="verifyWorkMail" time="0.384"/>
  <system-out/>
  <testcase classname="com.TestLayer.ContactPageTest" name="verifyPhone" time="0.335"/>
  <system-out/>
  <testcase classname="com.TestLayer.ContactPageTest" name="verifyCountry" time="0.303"/>
  <system-out/>
  <testcase classname="com.TestLayer.ContactPageTest" name="veryfyEnquiryDetails" time="0.327"/>
  <system-out/>
  <testcase classname="com.TestLayer.ContactPageTest" name="verifyAboutUs" time="0.306"/>
  <system-out/>
  <testcase classname="com.TestLayer.ContactPageTest" name="clickOnCheck" time="0.119"/>
  <system-out/>
  <testcase classname="com.TestLayer.ContactPageTest" name="takeSS" time="0.341"/>
  <system-out/>
</testsuite> <!-- com.TestLayer.ContactPageTest -->
